<?xml version="1.0" encoding="UTF-8"?>
<TestRun id="ed24fc57-e859-4e54-b81a-f3c16d0dfbcc" name="Jack Fang@JACKFANG-PC 2011-03-25 00:22:09" runUser="JackFang-PC\Jack Fang" xmlns="http://microsoft.com/schemas/VisualStudio/TeamTest/2006">
  <TestRunConfiguration name="Local Test Run" id="a7e9a9a2-7ee6-4cc6-bee2-280ee5137526">
    <Description>This is a default test run configuration for a local test run.</Description>
    <Deployment runDeploymentRoot="L:\Projects\QuantumCode\src\QuantumCode.WinForm.Plugin\TestResults\Jack Fang_JACKFANG-PC 2011-03-25 00_22_09">
      <DeploymentItem filename="L:\Projects\QuantumCode\src\QuantumCode.Common\bin\Debug\QuantumCode.Common.dll" />
    </Deployment>
    <TestTypeSpecific />
  </TestRunConfiguration>
  <ResultSummary outcome="Error">
    <Counters total="1" executed="1" error="0" failed="0" timeout="0" aborted="1" inconclusive="0" passedButRunAborted="0" notRunnable="0" notExecuted="0" disconnected="0" warning="0" passed="0" completed="0" inProgress="0" pending="0" />
    <RunInfos>
      <RunInfo computerName="JACKFANG-PC" outcome="Error" timestamp="2011-03-25T00:23:08.7672436+08:00">
        <Text>Test host process exited unexpectedly.</Text>
      </RunInfo>
    </RunInfos>
  </ResultSummary>
  <Times creation="2011-03-25T00:22:09.0838299+08:00" queuing="2011-03-25T00:22:11.0119402+08:00" start="2011-03-25T00:22:11.6419762+08:00" finish="2011-03-25T00:23:08.7682437+08:00" />
  <TestDefinitions>
    <UnitTest name="TestMethod2" storage="l:\projects\quantumcode\test\quantumcode.common.test\bin\debug\quantumcode.common.test.dll" id="f4b8952c-51f2-5b90-2b18-f5ac87f6ef44">
      <Css projectStructure="" iteration="" />
      <Owners>
        <Owner name="" />
      </Owners>
      <Execution id="cd98dc96-f2c8-4b80-a90a-71966242e8f5" />
      <TestMethod codeBase="L:\Projects\QuantumCode\test\QuantumCode.Common.Test\bin\Debug\QuantumCode.Common.Test.dll" adapterTypeName="Microsoft.VisualStudio.TestTools.TestTypes.Unit.UnitTestAdapter, Microsoft.VisualStudio.QualityTools.Tips.UnitTest.Adapter, Version=9.0.0.0, Culture=neutral, PublicKeyToken=b03f5f7f11d50a3a" className="QuantumCode.Common.Test.UnitTest1, QuantumCode.Common.Test" name="TestMethod2" />
    </UnitTest>
  </TestDefinitions>
  <TestLists>
    <TestList name="Results Not in a List" id="8c84fa94-04c1-424b-9868-57a2d4851a1d" />
    <TestList name="All Loaded Results" id="19431567-8539-422a-85d7-44ee4e166bda" />
  </TestLists>
  <TestEntries>
    <TestEntry testId="f4b8952c-51f2-5b90-2b18-f5ac87f6ef44" executionId="192ae5d4-4ca0-4466-a8ee-be9c9f692a78" testListId="8c84fa94-04c1-424b-9868-57a2d4851a1d" />
  </TestEntries>
  <Results>
    <UnitTestResult executionId="192ae5d4-4ca0-4466-a8ee-be9c9f692a78" testId="f4b8952c-51f2-5b90-2b18-f5ac87f6ef44" testName="TestMethod2" computerName="JACKFANG-PC" duration="00:00:57.0282619" startTime="2011-03-25T00:22:11.7399818+08:00" endTime="2011-03-25T00:23:08.7682437+08:00" testType="13cdc9d9-ddb5-4fa4-a97d-d965ccfc6d4b" outcome="Aborted" testListId="8c84fa94-04c1-424b-9868-57a2d4851a1d">
    </UnitTestResult>
  </Results>
</TestRun>