<?xml version="1.0" encoding="UTF-8"?>
<TestRun id="eb415e42-6fa5-48fc-bc16-08607f5961c1" name="Jack Fang@JACKFANG-PC 2011-03-25 00:19:14" runUser="JackFang-PC\Jack Fang" xmlns="http://microsoft.com/schemas/VisualStudio/TeamTest/2006">
  <TestRunConfiguration name="Local Test Run" id="a7e9a9a2-7ee6-4cc6-bee2-280ee5137526">
    <Description>This is a default test run configuration for a local test run.</Description>
    <Deployment runDeploymentRoot="L:\Projects\QuantumCode\src\QuantumCode.WinForm.Plugin\TestResults\Jack Fang_JACKFANG-PC 2011-03-25 00_19_14">
      <DeploymentItem filename="L:\Projects\QuantumCode\src\QuantumCode.Common\bin\Debug\QuantumCode.Common.dll" />
    </Deployment>
    <TestTypeSpecific />
  </TestRunConfiguration>
  <ResultSummary outcome="Failed">
    <Counters total="1" executed="1" error="0" failed="1" timeout="0" aborted="0" inconclusive="0" passedButRunAborted="0" notRunnable="0" notExecuted="0" disconnected="0" warning="0" passed="0" completed="0" inProgress="0" pending="0" />
  </ResultSummary>
  <Times creation="2011-03-25T00:19:14.0208169+08:00" queuing="2011-03-25T00:19:14.3658366+08:00" start="2011-03-25T00:19:14.3808375+08:00" finish="2011-03-25T00:19:14.9208684+08:00" />
  <TestDefinitions>
    <UnitTest name="TestMethod2" storage="l:\projects\quantumcode\test\quantumcode.common.test\bin\debug\quantumcode.common.test.dll" id="f4b8952c-51f2-5b90-2b18-f5ac87f6ef44">
      <Css projectStructure="" iteration="" />
      <Owners>
        <Owner name="" />
      </Owners>
      <Execution id="c55cc455-7535-44e4-8489-0f5980b9ac5e" />
      <TestMethod codeBase="L:\Projects\QuantumCode\test\QuantumCode.Common.Test\bin\Debug\QuantumCode.Common.Test.dll" adapterTypeName="Microsoft.VisualStudio.TestTools.TestTypes.Unit.UnitTestAdapter, Microsoft.VisualStudio.QualityTools.Tips.UnitTest.Adapter, Version=9.0.0.0, Culture=neutral, PublicKeyToken=b03f5f7f11d50a3a" className="QuantumCode.Common.Test.UnitTest1, QuantumCode.Common.Test" name="TestMethod2" />
    </UnitTest>
  </TestDefinitions>
  <TestLists>
    <TestList name="Results Not in a List" id="8c84fa94-04c1-424b-9868-57a2d4851a1d" />
    <TestList name="All Loaded Results" id="19431567-8539-422a-85d7-44ee4e166bda" />
  </TestLists>
  <TestEntries>
    <TestEntry testId="f4b8952c-51f2-5b90-2b18-f5ac87f6ef44" executionId="c55cc455-7535-44e4-8489-0f5980b9ac5e" testListId="8c84fa94-04c1-424b-9868-57a2d4851a1d" />
  </TestEntries>
  <Results>
    <UnitTestResult executionId="c55cc455-7535-44e4-8489-0f5980b9ac5e" testId="f4b8952c-51f2-5b90-2b18-f5ac87f6ef44" testName="TestMethod2" computerName="JACKFANG-PC" duration="00:00:00.0287715" startTime="2011-03-25T00:19:14.3818375+08:00" endTime="2011-03-25T00:19:14.9108678+08:00" testType="13cdc9d9-ddb5-4fa4-a97d-d965ccfc6d4b" outcome="Failed" testListId="8c84fa94-04c1-424b-9868-57a2d4851a1d">
      <Output>
        <ErrorInfo>
          <Message>Test method QuantumCode.Common.Test.UnitTest1.TestMethod2 threw exception:  System.NullReferenceException: 未将对象引用设置到对象的实例。.</Message>
          <StackTrace>    在 QuantumCode.Common.Test.UnitTest1.TestMethod2() 位置 L:\Projects\QuantumCode\test\QuantumCode.Common.Test\UnitTest1.cs:行号 85
</StackTrace>
        </ErrorInfo>
      </Output>
    </UnitTestResult>
  </Results>
</TestRun>